#
# There is insufficient memory for the Java Runtime Environment to continue.
# Native memory allocation (mmap) failed to map 196083712 bytes for G1 virtual space
# Possible reasons:
#   The system is out of physical RAM or swap space
#   The process is running with CompressedOops enabled, and the Java Heap may be blocking the growth of the native heap
# Possible solutions:
#   Reduce memory load on the system
#   Increase physical memory or swap space
#   Check if swap backing store is full
#   Decrease Java heap size (-Xmx/-Xms)
#   Decrease number of Java threads
#   Decrease Java thread stack sizes (-Xss)
#   Set larger code cache with -XX:ReservedCodeCacheSize=
#   JVM is running with Unscaled Compressed Oops mode in which the Java heap is
#     placed in the first 4GB address space. The Java Heap base address is the
#     maximum limit for the native heap growth. Please use -XX:HeapBaseMinAddress
#     to set the Java Heap base and to place the Java Heap above 4GB virtual address.
# This output file may be truncated or incomplete.
#
#  Out of Memory Error (os_windows.cpp:3548), pid=756, tid=8988
#
# JRE version: Java(TM) SE Runtime Environment (17.0.12+8) (build 17.0.12+8-LTS-286)
# Java VM: Java HotSpot(TM) 64-Bit Server VM (17.0.12+8-LTS-286, mixed mode, sharing, tiered, compressed oops, compressed class ptrs, g1 gc, windows-amd64)
# No core dump will be written. Minidumps are not enabled by default on client versions of Windows
#

---------------  S U M M A R Y ------------

Command Line: --add-opens=java.base/java.lang=ALL-UNNAMED --add-opens=java.base/java.lang.invoke=ALL-UNNAMED --add-opens=java.base/java.util=ALL-UNNAMED --add-opens=java.prefs/java.util.prefs=ALL-UNNAMED --add-exports=jdk.compiler/com.sun.tools.javac.api=ALL-UNNAMED --add-exports=jdk.compiler/com.sun.tools.javac.util=ALL-UNNAMED --add-opens=java.base/java.util=ALL-UNNAMED --add-opens=java.prefs/java.util.prefs=ALL-UNNAMED --add-opens=java.base/java.nio.charset=ALL-UNNAMED --add-opens=java.base/java.net=ALL-UNNAMED --add-opens=java.base/java.util.concurrent=ALL-UNNAMED --add-opens=java.base/java.util.concurrent.atomic=ALL-UNNAMED --add-opens=java.xml/javax.xml.namespace=ALL-UNNAMED -XX:MaxMetaspaceSize=512m -Xmx2048m -Dfile.encoding=windows-1252 -Duser.country=IN -Duser.language=en -Duser.variant -javaagent:C:\Users\Hp\.gradle\wrapper\dists\gradle-9.0.0-bin\d6wjpkvcgsg3oed0qlfss3wgl\gradle-9.0.0\lib\agents\gradle-instrumentation-agent-9.0.0.jar org.gradle.launcher.daemon.bootstrap.GradleDaemon 9.0.0

Host: Intel(R) Core(TM) i5-4590 CPU @ 3.30GHz, 4 cores, 7G,  Windows 10 , 64 bit Build 19041 (10.0.19041.5915)
Time: Sat Feb 14 14:23:04 2026 India Standard Time elapsed time: 17.131921 seconds (0d 0h 0m 17s)

---------------  T H R E A D  ---------------

Current thread (0x000001285092b860):  VMThread "VM Thread" [stack: 0x00000026b6300000,0x00000026b6400000] [id=8988]

Stack: [0x00000026b6300000,0x00000026b6400000]
Native frames: (J=compiled Java code, j=interpreted, Vv=VM code, C=native code)
V  [jvm.dll+0x67a04a]
V  [jvm.dll+0x7da4ed]
V  [jvm.dll+0x7dbe33]
V  [jvm.dll+0x7dc4a3]
V  [jvm.dll+0x24508f]
V  [jvm.dll+0x677089]
V  [jvm.dll+0x66bd32]
V  [jvm.dll+0x301fa6]
V  [jvm.dll+0x309546]
V  [jvm.dll+0x359d2e]
V  [jvm.dll+0x359f5f]
V  [jvm.dll+0x2d9078]
V  [jvm.dll+0x2d74ad]
V  [jvm.dll+0x2d6afc]
V  [jvm.dll+0x31a65b]
V  [jvm.dll+0x7e0d9b]
V  [jvm.dll+0x7e1ad4]
V  [jvm.dll+0x7e1fed]
V  [jvm.dll+0x7e23c4]
V  [jvm.dll+0x7e2490]
V  [jvm.dll+0x78abea]
V  [jvm.dll+0x678f35]
C  [ucrtbase.dll+0x21bb2]
C  [KERNEL32.DLL+0x17374]
C  [ntdll.dll+0x4cc91]

VM_Operation (0x00000026b7efe5a0): G1CollectForAllocation, mode: safepoint, requested by thread 0x0000012870972100


---------------  P R O C E S S  ---------------

Threads class SMR info:
_java_thread_list=0x000001287023a160, length=90, elements={
0x0000012832fe0d50, 0x0000012850934af0, 0x00000128509354b0, 0x0000012850945020,
0x00000128509459e0, 0x00000128509463a0, 0x0000012850946d60, 0x0000012850948a60,
0x000001285094bb30, 0x000001285096e260, 0x0000012850b14840, 0x0000012850ca9a70,
0x0000012871278040, 0x0000012871a2e1e0, 0x0000012870ccae80, 0x00000128719d6250,
0x0000012871984550, 0x0000012870974470, 0x0000012870973030, 0x0000012870972b20,
0x00000128709758b0, 0x0000012870973540, 0x0000012870972100, 0x0000012870974e90,
0x0000012870972610, 0x0000012872dca680, 0x0000012872dcb5b0, 0x0000012872dc7e00,
0x0000012872dca170, 0x0000012872dcc9f0, 0x0000012872dcab90, 0x0000012872dccf00,
0x0000012872dcbac0, 0x0000012872dc8310, 0x0000012872dcc4e0, 0x0000012872dc8820,
0x0000012872dcd410, 0x0000012872dcd920, 0x0000012872dcf270, 0x0000012872dc9c60,
0x0000012872dc9750, 0x0000012872dc8d30, 0x0000012872dcde30, 0x0000012872dce850,
0x0000012872dced60, 0x0000012872dcf780, 0x0000012870b70240, 0x0000012870b6ca90,
0x0000012870b6c070, 0x0000012870b725b0, 0x0000012870b720a0, 0x0000012870b72ac0,
0x0000012870b70750, 0x0000012870b6d9c0, 0x0000012870b72fd0, 0x0000012870b6c580,
0x0000012870b734e0, 0x0000012870b6ded0, 0x0000012870b71170, 0x0000012870b6e3e0,
0x0000012870b6fd30, 0x0000012870b71680, 0x0000012870b6f310, 0x00000128731ff700,
0x00000128731ffc10, 0x0000012873200120, 0x0000012873200630, 0x0000012873200b40,
0x0000012873201050, 0x00000128731fece0, 0x00000128731fd8a0, 0x00000128731ff1f0,
0x00000128731fddb0, 0x00000128731fe2c0, 0x00000128731fe7d0, 0x0000012874b9f2d0,
0x0000012874b9fcf0, 0x0000012874b9d980, 0x0000012874b9f7e0, 0x0000012874b9de90,
0x0000012874ba0200, 0x0000012874ba0710, 0x0000012874ba0c20, 0x0000012874b9d470,
0x0000012874b9e3a0, 0x0000012874b9e8b0, 0x00000128744236c0, 0x0000012874422ca0,
0x0000012874425010, 0x0000012874423bd0
}

Java Threads: ( => current thread )
  0x0000012832fe0d50 JavaThread "main" [_thread_blocked, id=6536, stack(0x00000026b5d00000,0x00000026b5e00000)]
  0x0000012850934af0 JavaThread "Reference Handler" daemon [_thread_blocked, id=4148, stack(0x00000026b6400000,0x00000026b6500000)]
  0x00000128509354b0 JavaThread "Finalizer" daemon [_thread_blocked, id=2396, stack(0x00000026b6500000,0x00000026b6600000)]
  0x0000012850945020 JavaThread "Signal Dispatcher" daemon [_thread_blocked, id=11444, stack(0x00000026b6600000,0x00000026b6700000)]
  0x00000128509459e0 JavaThread "Attach Listener" daemon [_thread_blocked, id=5768, stack(0x00000026b6700000,0x00000026b6800000)]
  0x00000128509463a0 JavaThread "Service Thread" daemon [_thread_blocked, id=16344, stack(0x00000026b6800000,0x00000026b6900000)]
  0x0000012850946d60 JavaThread "Monitor Deflation Thread" daemon [_thread_blocked, id=10200, stack(0x00000026b6900000,0x00000026b6a00000)]
  0x0000012850948a60 JavaThread "C2 CompilerThread0" daemon [_thread_in_native, id=7764, stack(0x00000026b6a00000,0x00000026b6b00000)]
  0x000001285094bb30 JavaThread "C1 CompilerThread0" daemon [_thread_blocked, id=13152, stack(0x00000026b6b00000,0x00000026b6c00000)]
  0x000001285096e260 JavaThread "Sweeper thread" daemon [_thread_blocked, id=13692, stack(0x00000026b6c00000,0x00000026b6d00000)]
  0x0000012850b14840 JavaThread "Common-Cleaner" daemon [_thread_blocked, id=4156, stack(0x00000026b6d00000,0x00000026b6e00000)]
  0x0000012850ca9a70 JavaThread "Notification Thread" daemon [_thread_blocked, id=1648, stack(0x00000026b6e00000,0x00000026b6f00000)]
  0x0000012871278040 JavaThread "Daemon health stats" [_thread_blocked, id=9052, stack(0x00000026b7400000,0x00000026b7500000)]
  0x0000012871a2e1e0 JavaThread "Incoming local TCP Connector on port 53707" [_thread_in_native, id=864, stack(0x00000026b7500000,0x00000026b7600000)]
  0x0000012870ccae80 JavaThread "Daemon periodic checks" [_thread_blocked, id=16324, stack(0x00000026b7600000,0x00000026b7700000)]
  0x00000128719d6250 JavaThread "Daemon" [_thread_blocked, id=7944, stack(0x00000026b7700000,0x00000026b7800000)]
  0x0000012871984550 JavaThread "Handler for socket connection from /127.0.0.1:53707 to /127.0.0.1:53708" [_thread_in_native, id=14656, stack(0x00000026b7800000,0x00000026b7900000)]
  0x0000012870974470 JavaThread "Cancel handler" [_thread_blocked, id=3028, stack(0x00000026b7900000,0x00000026b7a00000)]
  0x0000012870973030 JavaThread "Daemon worker" [_thread_blocked, id=7464, stack(0x00000026b7a00000,0x00000026b7b00000)]
  0x0000012870972b20 JavaThread "Asynchronous log dispatcher for DefaultDaemonConnection: socket connection from /127.0.0.1:53707 to /127.0.0.1:53708" [_thread_blocked, id=10572, stack(0x00000026b7b00000,0x00000026b7c00000)]
  0x00000128709758b0 JavaThread "Stdin handler" [_thread_blocked, id=15828, stack(0x00000026b7c00000,0x00000026b7d00000)]
  0x0000012870973540 JavaThread "Daemon client event forwarder" [_thread_blocked, id=8300, stack(0x00000026b7d00000,0x00000026b7e00000)]
  0x0000012870972100 JavaThread "Cache worker for journal cache (C:\Users\Hp\.gradle\caches\journal-1)" [_thread_blocked, id=7008, stack(0x00000026b7e00000,0x00000026b7f00000)]
  0x0000012870974e90 JavaThread "File lock request listener" [_thread_in_native, id=16004, stack(0x00000026b7f00000,0x00000026b8000000)]
  0x0000012870972610 JavaThread "Cache worker for file hash cache (C:\Users\Hp\.gradle\caches\9.0.0\fileHashes)" [_thread_blocked, id=11120, stack(0x00000026b8000000,0x00000026b8100000)]
  0x0000012872dca680 JavaThread "Cache worker for file hash cache (C:\mobileapp\greenindiateams\android\.gradle\9.0.0\fileHashes)" [_thread_blocked, id=400, stack(0x00000026b8100000,0x00000026b8200000)]
  0x0000012872dcb5b0 JavaThread "Cache worker for Build Output Cleanup Cache (C:\mobileapp\greenindiateams\android\.gradle\buildOutputCleanup)" [_thread_blocked, id=7700, stack(0x00000026b8200000,0x00000026b8300000)]
  0x0000012872dc7e00 JavaThread "File watcher server" daemon [_thread_in_native, id=9132, stack(0x00000026b8300000,0x00000026b8400000)]
  0x0000012872dca170 JavaThread "File watcher consumer" daemon [_thread_blocked, id=3880, stack(0x00000026b8400000,0x00000026b8500000)]
  0x0000012872dcc9f0 JavaThread "Cache worker for checksums cache (C:\mobileapp\greenindiateams\android\.gradle\9.0.0\checksums)" [_thread_blocked, id=13292, stack(0x00000026b8500000,0x00000026b8600000)]
  0x0000012872dcab90 JavaThread "Cache worker for file content cache (C:\Users\Hp\.gradle\caches\9.0.0\fileContent)" [_thread_blocked, id=1216, stack(0x00000026b8600000,0x00000026b8700000)]
  0x0000012872dccf00 JavaThread "Cache worker for cache directory md-supplier (C:\Users\Hp\.gradle\caches\9.0.0\md-supplier)" [_thread_blocked, id=14180, stack(0x00000026b8800000,0x00000026b8900000)]
  0x0000012872dcbac0 JavaThread "Cache worker for cache directory md-rule (C:\Users\Hp\.gradle\caches\9.0.0\md-rule)" [_thread_blocked, id=14756, stack(0x00000026b8900000,0x00000026b8a00000)]
  0x0000012872dc8310 JavaThread "jar transforms" [_thread_blocked, id=8272, stack(0x00000026b8a00000,0x00000026b8b00000)]
  0x0000012872dcc4e0 JavaThread "Cache worker for Build Output Cleanup Cache (C:\mobileapp\greenindiateams\node_modules\@react-native\gradle-plugin\.gradle\buildOutputCleanup)" [_thread_blocked, id=2104, stack(0x00000026b8b00000,0x00000026b8c00000)]
  0x0000012872dc8820 JavaThread "Unconstrained build operations" [_thread_blocked, id=16264, stack(0x00000026b8c00000,0x00000026b8d00000)]
  0x0000012872dcd410 JavaThread "Unconstrained build operations Thread 2" [_thread_blocked, id=13008, stack(0x00000026b8d00000,0x00000026b8e00000)]
  0x0000012872dcd920 JavaThread "Unconstrained build operations Thread 3" [_thread_blocked, id=13636, stack(0x00000026b8e00000,0x00000026b8f00000)]
  0x0000012872dcf270 JavaThread "Unconstrained build operations Thread 4" [_thread_blocked, id=12944, stack(0x00000026b8f00000,0x00000026b9000000)]
  0x0000012872dc9c60 JavaThread "Unconstrained build operations Thread 5" [_thread_blocked, id=10732, stack(0x00000026b9000000,0x00000026b9100000)]
  0x0000012872dc9750 JavaThread "Unconstrained build operations Thread 6" [_thread_blocked, id=10312, stack(0x00000026b9100000,0x00000026b9200000)]
  0x0000012872dc8d30 JavaThread "Unconstrained build operations Thread 7" [_thread_blocked, id=13280, stack(0x00000026b9200000,0x00000026b9300000)]
  0x0000012872dcde30 JavaThread "Unconstrained build operations Thread 8" [_thread_blocked, id=1744, stack(0x00000026b9300000,0x00000026b9400000)]
  0x0000012872dce850 JavaThread "Unconstrained build operations Thread 9" [_thread_blocked, id=14368, stack(0x00000026b9400000,0x00000026b9500000)]
  0x0000012872dced60 JavaThread "Unconstrained build operations Thread 10" [_thread_blocked, id=15936, stack(0x00000026b9500000,0x00000026b9600000)]
  0x0000012872dcf780 JavaThread "Unconstrained build operations Thread 11" [_thread_blocked, id=12968, stack(0x00000026b9600000,0x00000026b9700000)]
  0x0000012870b70240 JavaThread "Unconstrained build operations Thread 12" [_thread_blocked, id=740, stack(0x00000026b9700000,0x00000026b9800000)]
  0x0000012870b6ca90 JavaThread "Unconstrained build operations Thread 13" [_thread_blocked, id=5948, stack(0x00000026b9800000,0x00000026b9900000)]
  0x0000012870b6c070 JavaThread "Unconstrained build operations Thread 14" [_thread_blocked, id=11280, stack(0x00000026b9900000,0x00000026b9a00000)]
  0x0000012870b725b0 JavaThread "Unconstrained build operations Thread 15" [_thread_blocked, id=11724, stack(0x00000026b9a00000,0x00000026b9b00000)]
  0x0000012870b720a0 JavaThread "build event listener" [_thread_blocked, id=14140, stack(0x00000026b9b00000,0x00000026b9c00000)]
  0x0000012870b72ac0 JavaThread "Memory manager" [_thread_blocked, id=2100, stack(0x00000026b7200000,0x00000026b7300000)]
  0x0000012870b70750 JavaThread "ForkJoinPool.commonPool-worker-1" daemon [_thread_blocked, id=15032, stack(0x00000026b9c00000,0x00000026b9d00000)]
  0x0000012870b6d9c0 JavaThread "ForkJoinPool.commonPool-worker-2" daemon [_thread_blocked, id=3020, stack(0x00000026b9d00000,0x00000026b9e00000)]
  0x0000012870b72fd0 JavaThread "ForkJoinPool.commonPool-worker-3" daemon [_thread_blocked, id=10984, stack(0x00000026b9e00000,0x00000026b9f00000)]
  0x0000012870b6c580 JavaThread "Exec process" daemon [_thread_blocked, id=8096, stack(0x00000026b9f00000,0x00000026ba000000)]
  0x0000012870b734e0 JavaThread "Exec process Thread 2" daemon [_thread_blocked, id=12456, stack(0x00000026ba000000,0x00000026ba100000)]
  0x0000012870b6ded0 JavaThread "Exec process Thread 3" daemon [_thread_blocked, id=6816, stack(0x00000026ba100000,0x00000026ba200000)]
  0x0000012870b71170 JavaThread "included builds" [_thread_blocked, id=2800, stack(0x00000026ba200000,0x00000026ba300000)]
  0x0000012870b6e3e0 JavaThread "Execution worker" [_thread_blocked, id=13264, stack(0x00000026ba300000,0x00000026ba400000)]
  0x0000012870b6fd30 JavaThread "Execution worker Thread 2" [_thread_blocked, id=12200, stack(0x00000026ba400000,0x00000026ba500000)]
  0x0000012870b71680 JavaThread "Execution worker Thread 3" [_thread_blocked, id=14536, stack(0x00000026ba500000,0x00000026ba600000)]
  0x0000012870b6f310 JavaThread "Cache worker for execution history cache (C:\mobileapp\greenindiateams\node_modules\@react-native\gradle-plugin\.gradle\9.0.0\executionHistory)" [_thread_blocked, id=2388, stack(0x00000026ba600000,0x00000026ba700000)]
  0x00000128731ff700 JavaThread "Unconstrained build operations Thread 16" [_thread_blocked, id=12744, stack(0x00000026ba700000,0x00000026ba800000)]
  0x00000128731ffc10 JavaThread "Unconstrained build operations Thread 17" [_thread_blocked, id=9204, stack(0x00000026ba800000,0x00000026ba900000)]
  0x0000012873200120 JavaThread "Unconstrained build operations Thread 18" [_thread_blocked, id=13812, stack(0x00000026ba900000,0x00000026baa00000)]
  0x0000012873200630 JavaThread "Unconstrained build operations Thread 19" [_thread_blocked, id=15520, stack(0x00000026baa00000,0x00000026bab00000)]
  0x0000012873200b40 JavaThread "Unconstrained build operations Thread 20" [_thread_blocked, id=10884, stack(0x00000026bab00000,0x00000026bac00000)]
  0x0000012873201050 JavaThread "Unconstrained build operations Thread 21" [_thread_blocked, id=2132, stack(0x00000026bac00000,0x00000026bad00000)]
  0x00000128731fece0 JavaThread "Unconstrained build operations Thread 22" [_thread_blocked, id=8040, stack(0x00000026bad00000,0x00000026bae00000)]
  0x00000128731fd8a0 JavaThread "Unconstrained build operations Thread 23" [_thread_blocked, id=5792, stack(0x00000026bae00000,0x00000026baf00000)]
  0x00000128731ff1f0 JavaThread "Unconstrained build operations Thread 24" [_thread_blocked, id=9436, stack(0x00000026baf00000,0x00000026bb000000)]
  0x00000128731fddb0 JavaThread "Unconstrained build operations Thread 25" [_thread_blocked, id=9980, stack(0x00000026bb000000,0x00000026bb100000)]
  0x00000128731fe2c0 JavaThread "Unconstrained build operations Thread 26" [_thread_blocked, id=6088, stack(0x00000026bb100000,0x00000026bb200000)]
  0x00000128731fe7d0 JavaThread "Unconstrained build operations Thread 27" [_thread_blocked, id=13220, stack(0x00000026bb200000,0x00000026bb300000)]
  0x0000012874b9f2d0 JavaThread "Unconstrained build operations Thread 28" [_thread_blocked, id=5876, stack(0x00000026bb300000,0x00000026bb400000)]
  0x0000012874b9fcf0 JavaThread "Unconstrained build operations Thread 29" [_thread_blocked, id=10112, stack(0x00000026bb400000,0x00000026bb500000)]
  0x0000012874b9d980 JavaThread "Unconstrained build operations Thread 30" [_thread_blocked, id=1860, stack(0x00000026bb500000,0x00000026bb600000)]
  0x0000012874b9f7e0 JavaThread "Unconstrained build operations Thread 31" [_thread_blocked, id=8480, stack(0x00000026bb600000,0x00000026bb700000)]
  0x0000012874b9de90 JavaThread "Unconstrained build operations Thread 32" [_thread_blocked, id=16308, stack(0x00000026bb700000,0x00000026bb800000)]
  0x0000012874ba0200 JavaThread "Unconstrained build operations Thread 33" [_thread_blocked, id=15004, stack(0x00000026bb800000,0x00000026bb900000)]
  0x0000012874ba0710 JavaThread "Unconstrained build operations Thread 34" [_thread_blocked, id=15064, stack(0x00000026bb900000,0x00000026bba00000)]
  0x0000012874ba0c20 JavaThread "Unconstrained build operations Thread 35" [_thread_blocked, id=5972, stack(0x00000026bba00000,0x00000026bbb00000)]
  0x0000012874b9d470 JavaThread "Unconstrained build operations Thread 36" [_thread_blocked, id=1044, stack(0x00000026bbb00000,0x00000026bbc00000)]
  0x0000012874b9e3a0 JavaThread "Unconstrained build operations Thread 37" [_thread_blocked, id=16228, stack(0x00000026bbc00000,0x00000026bbd00000)]
  0x0000012874b9e8b0 JavaThread "jar transforms Thread 2" [_thread_blocked, id=13228, stack(0x00000026bbd00000,0x00000026bbe00000)]
  0x00000128744236c0 JavaThread "jar transforms Thread 3" [_thread_blocked, id=8076, stack(0x00000026bbe00000,0x00000026bbf00000)]
  0x0000012874422ca0 JavaThread "Unconstrained build operations Thread 38" [_thread_blocked, id=9748, stack(0x00000026bbf00000,0x00000026bc000000)]
  0x0000012874425010 JavaThread "Unconstrained build operations Thread 39" [_thread_blocked, id=2992, stack(0x00000026bc000000,0x00000026bc100000)]
  0x0000012874423bd0 JavaThread "Unconstrained build operations Thread 40" [_thread_blocked, id=1520, stack(0x00000026bc100000,0x00000026bc200000)]

Other Threads:
=>0x000001285092b860 VMThread "VM Thread" [stack: 0x00000026b6300000,0x00000026b6400000] [id=8988]
  0x0000012850c064f0 WatcherThread [stack: 0x00000026b6f00000,0x00000026b7000000] [id=6928]
  0x0000012833038470 GCTaskThread "GC Thread#0" [stack: 0x00000026b5e00000,0x00000026b5f00000] [id=14072]
  0x0000012850d2c170 GCTaskThread "GC Thread#1" [stack: 0x00000026b7000000,0x00000026b7100000] [id=15340]
  0x0000012850d2c430 GCTaskThread "GC Thread#2" [stack: 0x00000026b7100000,0x00000026b7200000] [id=11276]
  0x00000128709a50d0 GCTaskThread "GC Thread#3" [stack: 0x00000026b7300000,0x00000026b7400000] [id=15740]
  0x0000012833049160 ConcurrentGCThread "G1 Main Marker" [stack: 0x00000026b5f00000,0x00000026b6000000] [id=7200]
  0x000001283304b0c0 ConcurrentGCThread "G1 Conc#0" [stack: 0x00000026b6000000,0x00000026b6100000] [id=15300]
  0x00000128330adf40 ConcurrentGCThread "G1 Refine#0" [stack: 0x00000026b6100000,0x00000026b6200000] [id=2500]
  0x00000128738536c0 ConcurrentGCThread "G1 Refine#1" [stack: 0x00000026b8700000,0x00000026b8800000] [id=14984]
  0x00000128330ae710 ConcurrentGCThread "G1 Service" [stack: 0x00000026b6200000,0x00000026b6300000] [id=6772]

Threads with active compile tasks:
C2 CompilerThread0    17164 10906   !   4       java.nio.file.FileTreeWalker::next (144 bytes)

VM state: at safepoint (normal execution)

VM Mutex/Monitor currently owned by a thread:  ([mutex/lock_event])
[0x0000012832fdc390] Threads_lock - owner thread: 0x000001285092b860
[0x0000012832fdd230] Heap_lock - owner thread: 0x0000012870972100

Heap address: 0x0000000080000000, size: 2048 MB, Compressed Oops mode: 32-bit

CDS archive(s) mapped at: [0x0000012851000000-0x0000012851bd0000-0x0000012851bd0000), size 12386304, SharedBaseAddress: 0x0000012851000000, ArchiveRelocationMode: 1.
Compressed class space mapped at: 0x0000012852000000-0x000001286c000000, reserved size: 436207616
Narrow klass base: 0x0000012851000000, Narrow klass shift: 0, Narrow klass range: 0x100000000

GC Precious Log:
 CPUs: 4 total, 4 available
 Memory: 8082M
 Large Page Support: Disabled
 NUMA Support: Disabled
 Compressed Oops: Enabled (32-bit)
 Heap Region Size: 1M
 Heap Min Capacity: 8M
 Heap Initial Capacity: 128M
 Heap Max Capacity: 2G
 Pre-touch: Disabled
 Parallel Workers: 4
 Concurrent Workers: 1
 Concurrent Refinement Workers: 4
 Periodic GC: Disabled

Heap:
 garbage-first heap   total 155648K, used 84987K [0x0000000080000000, 0x0000000100000000)
  region size 1024K, 5 young (5120K), 5 survivors (5120K)
 Metaspace       used 71928K, committed 72960K, reserved 491520K
  class space    used 10315K, committed 10816K, reserved 425984K

Heap Regions: E=young(eden), S=young(survivor), O=old, HS=humongous(starts), HC=humongous(continues), CS=collection set, F=free, OA=open archive, CA=closed archive, TAMS=top-at-mark-start (previous, next)
|   0|0x0000000080000000, 0x0000000080100000, 0x0000000080100000|100%|HS|  |TAMS 0x0000000080100000, 0x0000000080000000| Complete 
|   1|0x0000000080100000, 0x0000000080200000, 0x0000000080200000|100%|HC|  |TAMS 0x0000000080200000, 0x0000000080100000| Complete 
|   2|0x0000000080200000, 0x0000000080300000, 0x0000000080300000|100%|HC|  |TAMS 0x0000000080300000, 0x0000000080200000| Complete 
|   3|0x0000000080300000, 0x0000000080400000, 0x0000000080400000|100%| O|  |TAMS 0x0000000080400000, 0x0000000080300000| Untracked 
|   4|0x0000000080400000, 0x0000000080500000, 0x0000000080500000|100%| O|  |TAMS 0x0000000080500000, 0x0000000080400000| Untracked 
|   5|0x0000000080500000, 0x0000000080600000, 0x0000000080600000|100%| O|  |TAMS 0x0000000080600000, 0x0000000080500000| Untracked 
|   6|0x0000000080600000, 0x0000000080700000, 0x0000000080700000|100%| O|  |TAMS 0x0000000080700000, 0x0000000080600000| Untracked 
|   7|0x0000000080700000, 0x0000000080800000, 0x0000000080800000|100%|HS|  |TAMS 0x0000000080800000, 0x0000000080700000| Complete 
|   8|0x0000000080800000, 0x0000000080900000, 0x0000000080900000|100%| O|  |TAMS 0x0000000080900000, 0x0000000080800000| Untracked 
|   9|0x0000000080900000, 0x0000000080a00000, 0x0000000080a00000|100%| O|  |TAMS 0x0000000080a00000, 0x0000000080900000| Untracked 
|  10|0x0000000080a00000, 0x0000000080b00000, 0x0000000080b00000|100%| O|  |TAMS 0x0000000080b00000, 0x0000000080a00000| Untracked 
|  11|0x0000000080b00000, 0x0000000080c00000, 0x0000000080c00000|100%| O|  |TAMS 0x0000000080c00000, 0x0000000080b00000| Untracked 
|  12|0x0000000080c00000, 0x0000000080d00000, 0x0000000080d00000|100%| O|  |TAMS 0x0000000080d00000, 0x0000000080c00000| Untracked 
|  13|0x0000000080d00000, 0x0000000080e00000, 0x0000000080e00000|100%| O|  |TAMS 0x0000000080e00000, 0x0000000080d00000| Untracked 
|  14|0x0000000080e00000, 0x0000000080f00000, 0x0000000080f00000|100%| O|  |TAMS 0x0000000080f00000, 0x0000000080e00000| Untracked 
|  15|0x0000000080f00000, 0x0000000081000000, 0x0000000081000000|100%| O|  |TAMS 0x0000000081000000, 0x0000000080f00000| Untracked 
|  16|0x0000000081000000, 0x0000000081100000, 0x0000000081100000|100%| O|  |TAMS 0x0000000081100000, 0x0000000081000000| Untracked 
|  17|0x0000000081100000, 0x0000000081200000, 0x0000000081200000|100%| O|  |TAMS 0x0000000081200000, 0x0000000081100000| Untracked 
|  18|0x0000000081200000, 0x0000000081300000, 0x0000000081300000|100%| O|  |TAMS 0x0000000081300000, 0x0000000081200000| Untracked 
|  19|0x0000000081300000, 0x0000000081400000, 0x0000000081400000|100%| O|  |TAMS 0x0000000081400000, 0x0000000081300000| Untracked 
|  20|0x0000000081400000, 0x0000000081500000, 0x0000000081500000|100%| O|  |TAMS 0x0000000081500000, 0x0000000081400000| Untracked 
|  21|0x0000000081500000, 0x0000000081600000, 0x0000000081600000|100%| O|  |TAMS 0x0000000081600000, 0x0000000081500000| Untracked 
|  22|0x0000000081600000, 0x0000000081700000, 0x0000000081700000|100%| O|  |TAMS 0x0000000081700000, 0x0000000081600000| Untracked 
|  23|0x0000000081700000, 0x0000000081800000, 0x0000000081800000|100%| O|  |TAMS 0x0000000081800000, 0x0000000081700000| Untracked 
|  24|0x0000000081800000, 0x0000000081900000, 0x0000000081900000|100%| O|  |TAMS 0x0000000081900000, 0x0000000081800000| Untracked 
|  25|0x0000000081900000, 0x0000000081a00000, 0x0000000081a00000|100%| O|  |TAMS 0x0000000081a00000, 0x0000000081900000| Untracked 
|  26|0x0000000081a00000, 0x0000000081b00000, 0x0000000081b00000|100%| O|  |TAMS 0x0000000081b00000, 0x0000000081a00000| Untracked 
|  27|0x0000000081b00000, 0x0000000081c00000, 0x0000000081c00000|100%| O|  |TAMS 0x0000000081c00000, 0x0000000081b00000| Untracked 
|  28|0x0000000081c00000, 0x0000000081d00000, 0x0000000081d00000|100%| O|  |TAMS 0x0000000081d00000, 0x0000000081c00000| Untracked 
|  29|0x0000000081d00000, 0x0000000081e00000, 0x0000000081e00000|100%| O|  |TAMS 0x0000000081e00000, 0x0000000081d00000| Untracked 
|  30|0x0000000081e00000, 0x0000000081f00000, 0x0000000081f00000|100%| O|  |TAMS 0x0000000081f00000, 0x0000000081e00000| Untracked 
|  31|0x0000000081f00000, 0x0000000082000000, 0x0000000082000000|100%| O|  |TAMS 0x0000000082000000, 0x0000000081f00000| Untracked 
|  32|0x0000000082000000, 0x0000000082100000, 0x0000000082100000|100%| O|  |TAMS 0x0000000082100000, 0x0000000082000000| Untracked 
|  33|0x0000000082100000, 0x0000000082200000, 0x0000000082200000|100%|HS|  |TAMS 0x0000000082200000, 0x0000000082100000| Complete 
|  34|0x0000000082200000, 0x0000000082300000, 0x0000000082300000|100%|HC|  |TAMS 0x0000000082300000, 0x0000000082200000| Complete 
|  35|0x0000000082300000, 0x0000000082400000, 0x0000000082400000|100%|HC|  |TAMS 0x0000000082400000, 0x0000000082300000| Complete 
|  36|0x0000000082400000, 0x0000000082500000, 0x0000000082500000|100%|HS|  |TAMS 0x0000000082500000, 0x0000000082400000| Complete 
|  37|0x0000000082500000, 0x0000000082600000, 0x0000000082600000|100%|HC|  |TAMS 0x0000000082600000, 0x0000000082500000| Complete 
|  38|0x0000000082600000, 0x0000000082700000, 0x0000000082700000|100%|HC|  |TAMS 0x0000000082700000, 0x0000000082600000| Complete 
|  39|0x0000000082700000, 0x0000000082800000, 0x0000000082800000|100%| O|  |TAMS 0x0000000082800000, 0x0000000082700000| Untracked 
|  40|0x0000000082800000, 0x0000000082900000, 0x0000000082900000|100%| O|  |TAMS 0x0000000082900000, 0x0000000082800000| Untracked 
|  41|0x0000000082900000, 0x0000000082a00000, 0x0000000082a00000|100%| O|  |TAMS 0x0000000082a00000, 0x0000000082900000| Untracked 
|  42|0x0000000082a00000, 0x0000000082b00000, 0x0000000082b00000|100%| O|  |TAMS 0x0000000082b00000, 0x0000000082a00000| Untracked 
|  43|0x0000000082b00000, 0x0000000082c00000, 0x0000000082c00000|100%| O|  |TAMS 0x0000000082c00000, 0x0000000082b00000| Untracked 
|  44|0x0000000082c00000, 0x0000000082d00000, 0x0000000082d00000|100%| O|  |TAMS 0x0000000082d00000, 0x0000000082c00000| Untracked 
|  45|0x0000000082d00000, 0x0000000082e00000, 0x0000000082e00000|100%| O|  |TAMS 0x0000000082e00000, 0x0000000082d00000| Untracked 
|  46|0x0000000082e00000, 0x0000000082f00000, 0x0000000082f00000|100%| O|  |TAMS 0x0000000082f00000, 0x0000000082e00000| Untracked 
|  47|0x0000000082f00000, 0x0000000083000000, 0x0000000083000000|100%| O|  |TAMS 0x0000000083000000, 0x0000000082f00000| Untracked 
|  48|0x0000000083000000, 0x0000000083000000, 0x0000000083100000|  0%| F|  |TAMS 0x0000000083000000, 0x0000000083000000| Untracked 
|  49|0x0000000083100000, 0x0000000083200000, 0x0000000083200000|100%| O|  |TAMS 0x0000000083100000, 0x0000000083100000| Untracked 
|  50|0x0000000083200000, 0x0000000083300000, 0x0000000083300000|100%| O|  |TAMS 0x0000000083300000, 0x0000000083200000| Untracked 
|  51|0x0000000083300000, 0x0000000083400000, 0x0000000083400000|100%| O|  |TAMS 0x0000000083400000, 0x0000000083300000| Untracked 
|  52|0x0000000083400000, 0x0000000083500000, 0x0000000083500000|100%| O|  |TAMS 0x0000000083500000, 0x0000000083400000| Untracked 
|  53|0x0000000083500000, 0x0000000083600000, 0x0000000083600000|100%| O|  |TAMS 0x0000000083600000, 0x0000000083500000| Untracked 
|  54|0x0000000083600000, 0x0000000083700000, 0x0000000083700000|100%| O|  |TAMS 0x0000000083700000, 0x0000000083600000| Untracked 
|  55|0x0000000083700000, 0x0000000083800000, 0x0000000083800000|100%| O|  |TAMS 0x0000000083800000, 0x0000000083700000| Untracked 
|  56|0x0000000083800000, 0x0000000083900000, 0x0000000083900000|100%| O|  |TAMS 0x0000000083900000, 0x0000000083800000| Untracked 
|  57|0x0000000083900000, 0x0000000083a00000, 0x0000000083a00000|100%| O|  |TAMS 0x0000000083a00000, 0x0000000083900000| Untracked 
|  58|0x0000000083a00000, 0x0000000083b00000, 0x0000000083b00000|100%| O|  |TAMS 0x0000000083b00000, 0x0000000083a00000| Untracked 
|  59|0x0000000083b00000, 0x0000000083c00000, 0x0000000083c00000|100%| O|  |TAMS 0x0000000083c00000, 0x0000000083b00000| Untracked 
|  60|0x0000000083c00000, 0x0000000083c00000, 0x0000000083d00000|  0%| F|  |TAMS 0x0000000083c00000, 0x0000000083c00000| Untracked 
|  61|0x0000000083d00000, 0x0000000083d00000, 0x0000000083e00000|  0%| F|  |TAMS 0x0000000083d00000, 0x0000000083d00000| Untracked 
|  62|0x0000000083e00000, 0x0000000083f00000, 0x0000000083f00000|100%| O|  |TAMS 0x0000000083f00000, 0x0000000083e00000| Untracked 
|  63|0x0000000083f00000, 0x0000000084000000, 0x0000000084000000|100%| O|  |TAMS 0x0000000084000000, 0x0000000083f00000| Untracked 
|  64|0x0000000084000000, 0x0000000084100000, 0x0000000084100000|100%| O|  |TAMS 0x0000000084100000, 0x0000000084000000| Untracked 
|  65|0x0000000084100000, 0x0000000084200000, 0x0000000084200000|100%| O|  |TAMS 0x0000000084200000, 0x0000000084100000| Untracked 
|  66|0x0000000084200000, 0x0000000084300000, 0x0000000084300000|100%| O|  |TAMS 0x0000000084300000, 0x0000000084200000| Untracked 
|  67|0x0000000084300000, 0x0000000084400000, 0x0000000084400000|100%| O|  |TAMS 0x0000000084400000, 0x0000000084300000| Untracked 
|  68|0x0000000084400000, 0x0000000084500000, 0x0000000084500000|100%| O|  |TAMS 0x0000000084500000, 0x0000000084400000| Untracked 
|  69|0x0000000084500000, 0x0000000084600000, 0x0000000084600000|100%| O|  |TAMS 0x0000000084600000, 0x0000000084500000| Untracked 
|  70|0x0000000084600000, 0x0000000084700000, 0x0000000084700000|100%| O|  |TAMS 0x0000000084600000, 0x0000000084600000| Untracked 
|  71|0x0000000084700000, 0x0000000084700000, 0x0000000084800000|  0%| F|  |TAMS 0x0000000084700000, 0x0000000084700000| Untracked 
|  72|0x0000000084800000, 0x0000000084900000, 0x0000000084900000|100%| O|  |TAMS 0x0000000084900000, 0x0000000084800000| Untracked 
|  73|0x0000000084900000, 0x0000000084a00000, 0x0000000084a00000|100%| O|  |TAMS 0x0000000084a00000, 0x0000000084900000| Untracked 
|  74|0x0000000084a00000, 0x0000000084b00000, 0x0000000084b00000|100%| O|  |TAMS 0x0000000084b00000, 0x0000000084a00000| Untracked 
|  75|0x0000000084b00000, 0x0000000084c00000, 0x0000000084c00000|100%| O|  |TAMS 0x0000000084c00000, 0x0000000084b00000| Untracked 
|  76|0x0000000084c00000, 0x0000000084d00000, 0x0000000084d00000|100%| O|  |TAMS 0x0000000084d00000, 0x0000000084c00000| Untracked 
|  77|0x0000000084d00000, 0x0000000084e00000, 0x0000000084e00000|100%| O|  |TAMS 0x0000000084db2800, 0x0000000084d00000| Untracked 
|  78|0x0000000084e00000, 0x0000000084f00000, 0x0000000084f00000|100%| O|  |TAMS 0x0000000084e00000, 0x0000000084e00000| Untracked 
|  79|0x0000000084f00000, 0x0000000085000000, 0x0000000085000000|100%| O|  |TAMS 0x0000000084f00000, 0x0000000084f00000| Untracked 
|  80|0x0000000085000000, 0x0000000085100000, 0x0000000085100000|100%| O|  |TAMS 0x0000000085000000, 0x0000000085000000| Untracked 
|  81|0x0000000085100000, 0x0000000085200000, 0x0000000085200000|100%| O|  |TAMS 0x0000000085100000, 0x0000000085100000| Untracked 
|  82|0x0000000085200000, 0x0000000085289c00, 0x0000000085300000| 53%| O|  |TAMS 0x0000000085200000, 0x0000000085200000| Untracked 
|  83|0x0000000085300000, 0x0000000085300000, 0x0000000085400000|  0%| F|  |TAMS 0x0000000085300000, 0x0000000085300000| Untracked 
|  84|0x0000000085400000, 0x0000000085400000, 0x0000000085500000|  0%| F|  |TAMS 0x0000000085400000, 0x0000000085400000| Untracked 
|  85|0x0000000085500000, 0x0000000085500000, 0x0000000085600000|  0%| F|  |TAMS 0x0000000085500000, 0x0000000085500000| Untracked 
|  86|0x0000000085600000, 0x0000000085600000, 0x0000000085700000|  0%| F|  |TAMS 0x0000000085600000, 0x0000000085600000| Untracked 
|  87|0x0000000085700000, 0x0000000085700000, 0x0000000085800000|  0%| F|  |TAMS 0x0000000085700000, 0x0000000085700000| Untracked 
|  88|0x0000000085800000, 0x0000000085800000, 0x0000000085900000|  0%| F|  |TAMS 0x0000000085800000, 0x0000000085800000| Untracked 
|  89|0x0000000085900000, 0x0000000085900000, 0x0000000085a00000|  0%| F|  |TAMS 0x0000000085900000, 0x0000000085900000| Untracked 
|  90|0x0000000085a00000, 0x0000000085a00000, 0x0000000085b00000|  0%| F|  |TAMS 0x0000000085a00000, 0x0000000085a00000| Untracked 
|  91|0x0000000085b00000, 0x0000000085b00000, 0x0000000085c00000|  0%| F|  |TAMS 0x0000000085b00000, 0x0000000085b00000| Untracked 
|  92|0x0000000085c00000, 0x0000000085c00000, 0x0000000085d00000|  0%| F|  |TAMS 0x0000000085c00000, 0x0000000085c00000| Untracked 
|  93|0x0000000085d00000, 0x0000000085d00000, 0x0000000085e00000|  0%| F|  |TAMS 0x0000000085d00000, 0x0000000085d00000| Untracked 
|  94|0x0000000085e00000, 0x0000000085e00000, 0x0000000085f00000|  0%| F|  |TAMS 0x0000000085e00000, 0x0000000085e00000| Untracked 
|  95|0x0000000085f00000, 0x0000000085f00000, 0x0000000086000000|  0%| F|  |TAMS 0x0000000085f00000, 0x0000000085f00000| Untracked 
|  96|0x0000000086000000, 0x0000000086000000, 0x0000000086100000|  0%| F|  |TAMS 0x0000000086000000, 0x0000000086000000| Untracked 
|  97|0x0000000086100000, 0x0000000086100000, 0x0000000086200000|  0%| F|  |TAMS 0x0000000086100000, 0x0000000086100000| Untracked 
|  98|0x0000000086200000, 0x0000000086200000, 0x0000000086300000|  0%| F|  |TAMS 0x0000000086200000, 0x0000000086200000| Untracked 
|  99|0x0000000086300000, 0x0000000086300000, 0x0000000086400000|  0%| F|  |TAMS 0x0000000086300000, 0x0000000086300000| Untracked 
| 100|0x0000000086400000, 0x0000000086400000, 0x0000000086500000|  0%| F|  |TAMS 0x0000000086400000, 0x0000000086400000| Untracked 
| 101|0x0000000086500000, 0x0000000086500000, 0x0000000086600000|  0%| F|  |TAMS 0x0000000086500000, 0x0000000086500000| Untracked 
| 102|0x0000000086600000, 0x0000000086600000, 0x0000000086700000|  0%| F|  |TAMS 0x0000000086600000, 0x0000000086600000| Untracked 
| 103|0x0000000086700000, 0x0000000086700000, 0x0000000086800000|  0%| F|  |TAMS 0x0000000086700000, 0x0000000086700000| Untracked 
| 104|0x0000000086800000, 0x0000000086800000, 0x0000000086900000|  0%| F|  |TAMS 0x0000000086800000, 0x0000000086800000| Untracked 
| 105|0x0000000086900000, 0x00000000869752d0, 0x0000000086a00000| 45%| S|CS|TAMS 0x0000000086900000, 0x0000000086900000| Complete 
| 106|0x0000000086a00000, 0x0000000086b00000, 0x0000000086b00000|100%| S|CS|TAMS 0x0000000086a00000, 0x0000000086a00000| Complete 
| 107|0x0000000086b00000, 0x0000000086c00000, 0x0000000086c00000|100%| S|CS|TAMS 0x0000000086b00000, 0x0000000086b00000| Complete 
| 108|0x0000000086c00000, 0x0000000086d00000, 0x0000000086d00000|100%| S|CS|TAMS 0x0000000086c00000, 0x0000000086c00000| Complete 
| 109|0x0000000086d00000, 0x0000000086e00000, 0x0000000086e00000|100%| S|CS|TAMS 0x0000000086d00000, 0x0000000086d00000| Complete 
| 110|0x0000000086e00000, 0x0000000086e00000, 0x0000000086f00000|  0%| F|  |TAMS 0x0000000086e00000, 0x0000000086e00000| Untracked 
| 111|0x0000000086f00000, 0x0000000086f00000, 0x0000000087000000|  0%| F|  |TAMS 0x0000000086f00000, 0x0000000086f00000| Untracked 
| 112|0x0000000087000000, 0x0000000087000000, 0x0000000087100000|  0%| F|  |TAMS 0x0000000087000000, 0x0000000087000000| Untracked 
| 113|0x0000000087100000, 0x0000000087100000, 0x0000000087200000|  0%| F|  |TAMS 0x0000000087100000, 0x0000000087100000| Untracked 
| 114|0x0000000087200000, 0x0000000087200000, 0x0000000087300000|  0%| F|  |TAMS 0x0000000087200000, 0x0000000087200000| Untracked 
| 115|0x0000000087300000, 0x0000000087300000, 0x0000000087400000|  0%| F|  |TAMS 0x0000000087300000, 0x0000000087300000| Untracked 
| 116|0x0000000087400000, 0x0000000087400000, 0x0000000087500000|  0%| F|  |TAMS 0x0000000087400000, 0x0000000087400000| Untracked 
| 117|0x0000000087500000, 0x0000000087500000, 0x0000000087600000|  0%| F|  |TAMS 0x0000000087500000, 0x0000000087500000| Untracked 
| 118|0x0000000087600000, 0x0000000087600000, 0x0000000087700000|  0%| F|  |TAMS 0x0000000087600000, 0x0000000087600000| Untracked 
| 119|0x0000000087700000, 0x0000000087700000, 0x0000000087800000|  0%| F|  |TAMS 0x0000000087700000, 0x0000000087700000| Untracked 
| 120|0x0000000087800000, 0x0000000087800000, 0x0000000087900000|  0%| F|  |TAMS 0x0000000087800000, 0x0000000087800000| Untracked 
| 121|0x0000000087900000, 0x0000000087900000, 0x0000000087a00000|  0%| F|  |TAMS 0x0000000087900000, 0x0000000087900000| Untracked 
| 122|0x0000000087a00000, 0x0000000087a00000, 0x0000000087b00000|  0%| F|  |TAMS 0x0000000087a00000, 0x0000000087a00000| Untracked 
| 123|0x0000000087b00000, 0x0000000087b00000, 0x0000000087c00000|  0%| F|  |TAMS 0x0000000087b00000, 0x0000000087b00000| Untracked 
| 124|0x0000000087c00000, 0x0000000087c00000, 0x0000000087d00000|  0%| F|  |TAMS 0x0000000087c00000, 0x0000000087c00000| Untracked 
| 125|0x0000000087d00000, 0x0000000087d00000, 0x0000000087e00000|  0%| F|  |TAMS 0x0000000087d00000, 0x0000000087d00000| Untracked 
| 126|0x0000000087e00000, 0x0000000087e00000, 0x0000000087f00000|  0%| F|  |TAMS 0x0000000087e00000, 0x0000000087e00000| Untracked 
| 127|0x0000000087f00000, 0x0000000087f00000, 0x0000000088000000|  0%| F|  |TAMS 0x0000000087f00000, 0x0000000087f00000| Untracked 
| 128|0x0000000088000000, 0x0000000088000000, 0x0000000088100000|  0%| F|  |TAMS 0x0000000088000000, 0x0000000088000000| Untracked 
| 129|0x0000000088100000, 0x0000000088100000, 0x0000000088200000|  0%| F|  |TAMS 0x0000000088100000, 0x0000000088100000| Untracked 
| 130|0x0000000088200000, 0x0000000088200000, 0x0000000088300000|  0%| F|  |TAMS 0x0000000088200000, 0x0000000088200000| Untracked 
| 131|0x0000000088300000, 0x0000000088300000, 0x0000000088400000|  0%| F|  |TAMS 0x0000000088300000, 0x0000000088300000| Untracked 
| 132|0x0000000088400000, 0x0000000088400000, 0x0000000088500000|  0%| F|  |TAMS 0x0000000088400000, 0x0000000088400000| Untracked 
| 133|0x0000000088500000, 0x0000000088500000, 0x0000000088600000|  0%| F|  |TAMS 0x0000000088500000, 0x0000000088500000| Untracked 
| 134|0x0000000088600000, 0x0000000088600000, 0x0000000088700000|  0%| F|  |TAMS 0x0000000088600000, 0x0000000088600000| Untracked 
| 135|0x0000000088700000, 0x0000000088700000, 0x0000000088800000|  0%| F|  |TAMS 0x0000000088700000, 0x0000000088700000| Untracked 
| 136|0x0000000088800000, 0x0000000088800000, 0x0000000088900000|  0%| F|  |TAMS 0x0000000088800000, 0x0000000088800000| Untracked 
| 137|0x0000000088900000, 0x0000000088900000, 0x0000000088a00000|  0%| F|  |TAMS 0x0000000088900000, 0x0000000088900000| Untracked 
| 138|0x0000000088a00000, 0x0000000088a00000, 0x0000000088b00000|  0%| F|  |TAMS 0x0000000088a00000, 0x0000000088a00000| Untracked 
| 139|0x0000000088b00000, 0x0000000088b00000, 0x0000000088c00000|  0%| F|  |TAMS 0x0000000088b00000, 0x0000000088b00000| Untracked 
| 140|0x0000000088c00000, 0x0000000088c00000, 0x0000000088d00000|  0%| F|  |TAMS 0x0000000088c00000, 0x0000000088c00000| Untracked 
| 141|0x0000000088d00000, 0x0000000088d00000, 0x0000000088e00000|  0%| F|  |TAMS 0x0000000088d00000, 0x0000000088d00000| Untracked 
| 142|0x0000000088e00000, 0x0000000088e00000, 0x0000000088f00000|  0%| F|  |TAMS 0x0000000088e00000, 0x0000000088e00000| Untracked 
| 143|0x0000000088f00000, 0x0000000088f00000, 0x0000000089000000|  0%| F|  |TAMS 0x0000000088f00000, 0x0000000088f00000| Untracked 
| 144|0x0000000089000000, 0x0000000089000000, 0x0000000089100000|  0%| F|  |TAMS 0x0000000089000000, 0x0000000089000000| Untracked 
| 145|0x0000000089100000, 0x0000000089100000, 0x0000000089200000|  0%| F|  |TAMS 0x0000000089100000, 0x0000000089100000| Untracked 
| 146|0x0000000089200000, 0x0000000089200000, 0x0000000089300000|  0%| F|  |TAMS 0x0000000089200000, 0x0000000089200000| Untracked 
| 147|0x0000000089300000, 0x0000000089300000, 0x0000000089400000|  0%| F|  |TAMS 0x0000000089300000, 0x0000000089300000| Untracked 
| 148|0x0000000089400000, 0x0000000089400000, 0x0000000089500000|  0%| F|  |TAMS 0x0000000089400000, 0x0000000089400000| Untracked 
| 149|0x0000000089500000, 0x0000000089500000, 0x0000000089600000|  0%| F|  |TAMS 0x0000000089500000, 0x0000000089500000| Untracked 
| 150|0x0000000089600000, 0x0000000089600000, 0x0000000089700000|  0%| F|  |TAMS 0x0000000089600000, 0x0000000089600000| Untracked 
| 151|0x0000000089700000, 0x0000000089700000, 0x0000000089800000|  0%| F|  |TAMS 0x0000000089700000, 0x0000000089700000| Untracked 

Card table byte_map: [0x0000012849ca0000,0x000001284a0a0000] _byte_map_base: 0x00000128498a0000

Marking Bits (Prev, Next): (CMBitMap*) 0x0000012833038870, (CMBitMap*) 0x0000012833038830
 Prev Bits: [0x000001284c4a0000, 0x000001284e4a0000)
 Next Bits: [0x000001284a4a0000, 0x000001284c4a0000)

Polling page: 0x0000012830fa0000

Metaspace:

Usage:
  Non-class:     60.17 MB used.
      Class:     10.07 MB used.
       Both:     70.24 MB used.

Virtual space:
  Non-class space:       64.00 MB reserved,      60.69 MB ( 95%) committed,  1 nodes.
      Class space:      416.00 MB reserved,      10.56 MB (  3%) committed,  1 nodes.
             Both:      480.00 MB reserved,      71.25 MB ( 15%) committed. 

Chunk freelists:
   Non-Class:  2.58 MB
       Class:  5.45 MB
        Both:  8.03 MB

MaxMetaspaceSize: 512.00 MB
CompressedClassSpaceSize: 416.00 MB
Initial GC threshold: 21.00 MB
Current GC threshold: 118.75 MB
CDS: on
MetaspaceReclaimPolicy: balanced
 - commit_granule_bytes: 65536.
 - commit_granule_words: 8192.
 - virtual_space_node_default_size: 8388608.
 - enlarge_chunks_in_place: 1.
 - new_chunks_are_fully_committed: 0.
 - uncommit_free_chunks: 1.
 - use_allocation_guard: 0.
 - handle_deallocations: 1.


Internal statistics:

num_allocs_failed_limit: 9.
num_arena_births: 1472.
num_arena_deaths: 0.
num_vsnodes_births: 2.
num_vsnodes_deaths: 0.
num_space_committed: 1140.
num_space_uncommitted: 0.
num_chunks_returned_to_freelist: 9.
num_chunks_taken_from_freelist: 4814.
num_chunk_merges: 9.
num_chunk_splits: 3041.
num_chunks_enlarged: 1847.
num_inconsistent_stats: 0.

CodeHeap 'non-profiled nmethods': size=120000Kb used=5391Kb max_used=5391Kb free=114608Kb
 bounds [0x0000012842370000, 0x00000128428c0000, 0x00000128498a0000]
CodeHeap 'profiled nmethods': size=120000Kb used=19856Kb max_used=19856Kb free=100143Kb
 bounds [0x000001283a8a0000, 0x000001283bc10000, 0x0000012841dd0000]
CodeHeap 'non-nmethods': size=5760Kb used=1701Kb max_used=1753Kb free=4058Kb
 bounds [0x0000012841dd0000, 0x0000012842040000, 0x0000012842370000]
 total_blobs=10918 nmethods=10128 adapters=702
 compilation: enabled
              stopped_count=0, restarted_count=0
 full_count=0

Compilation events (20 events):
Event: 16.975 Thread 0x000001285094bb30 10914       3       org.gradle.api.internal.artifacts.transform.TransformExecutionResult$Builder$ProducedOutputOnlyResult$$Lambda$998/0x0000012852619ae0::<init> (10 bytes)
Event: 16.975 Thread 0x000001285094bb30 nmethod 10914 0x000001283bc00d90 code [0x000001283bc00f20, 0x000001283bc010d8]
Event: 16.975 Thread 0x000001285094bb30 10915       3       org.gradle.api.internal.artifacts.transform.TransformExecutionResult$Builder$ProducedOutputOnlyResult$$Lambda$999/0x0000012852619d20::<init> (10 bytes)
Event: 16.975 Thread 0x000001285094bb30 nmethod 10915 0x000001283bc01190 code [0x000001283bc01320, 0x000001283bc014d8]
Event: 16.984 Thread 0x000001285094bb30 10916       3       org.gradle.api.internal.artifacts.transform.TransformingAsyncArtifactListener$TransformedArtifact$$Lambda$993/0x0000012852619448::apply (12 bytes)
Event: 16.985 Thread 0x000001285094bb30 nmethod 10916 0x000001283bc01590 code [0x000001283bc01760, 0x000001283bc01a68]
Event: 16.985 Thread 0x000001285094bb30 10917       3       org.gradle.api.internal.artifacts.transform.TransformingAsyncArtifactListener$TransformedArtifact::lambda$createInvocation$0 (14 bytes)
Event: 16.985 Thread 0x000001285094bb30 nmethod 10917 0x000001283bc01b90 code [0x000001283bc01d40, 0x000001283bc01ee8]
Event: 17.071 Thread 0x000001285094bb30 10918       3       java.util.Collections$2::tryAdvance (38 bytes)
Event: 17.071 Thread 0x000001285094bb30 nmethod 10918 0x000001283bc02010 code [0x000001283bc021e0, 0x000001283bc025b8]
Event: 17.081 Thread 0x000001285094bb30 10920       3       java.util.Collections$2::<init> (15 bytes)
Event: 17.081 Thread 0x000001285094bb30 nmethod 10920 0x000001283bc02710 code [0x000001283bc028a0, 0x000001283bc02a78]
Event: 17.081 Thread 0x000001285094bb30 10921       3       java.util.Collections::singletonSpliterator (9 bytes)
Event: 17.081 Thread 0x000001285094bb30 nmethod 10921 0x000001283bc02b10 code [0x000001283bc02cc0, 0x000001283bc02f38]
Event: 17.085 Thread 0x000001285094bb30 10922       3       java.util.Collections$2::forEachRemaining (7 bytes)
Event: 17.085 Thread 0x000001285094bb30 nmethod 10922 0x000001283bc03010 code [0x000001283bc031c0, 0x000001283bc03308]
Event: 17.107 Thread 0x000001285094bb30 10923       3       java.util.Collections$SingletonSet::spliterator (8 bytes)
Event: 17.107 Thread 0x000001285094bb30 nmethod 10923 0x000001283bc03390 code [0x000001283bc03540, 0x000001283bc03838]
Event: 17.123 Thread 0x000001285094bb30 10924       3       com.google.common.collect.SingletonImmutableList::spliterator (13 bytes)
Event: 17.123 Thread 0x000001285094bb30 nmethod 10924 0x000001283bc03990 code [0x000001283bc03b80, 0x000001283bc04178]

GC Heap History (20 events):
Event: 12.423 GC heap after
{Heap after GC invocations=22 (full 0):
 garbage-first heap   total 114688K, used 58839K [0x0000000080000000, 0x0000000100000000)
  region size 1024K, 6 young (6144K), 6 survivors (6144K)
 Metaspace       used 63149K, committed 64000K, reserved 491520K
  class space    used 9100K, committed 9472K, reserved 425984K
}
Event: 13.033 GC heap before
{Heap before GC invocations=22 (full 0):
 garbage-first heap   total 114688K, used 92631K [0x0000000080000000, 0x0000000100000000)
  region size 1024K, 39 young (39936K), 6 survivors (6144K)
 Metaspace       used 65330K, committed 66176K, reserved 491520K
  class space    used 9352K, committed 9728K, reserved 425984K
}
Event: 13.040 GC heap after
{Heap after GC invocations=23 (full 0):
 garbage-first heap   total 114688K, used 61704K [0x0000000080000000, 0x0000000100000000)
  region size 1024K, 5 young (5120K), 5 survivors (5120K)
 Metaspace       used 65330K, committed 66176K, reserved 491520K
  class space    used 9352K, committed 9728K, reserved 425984K
}
Event: 13.483 GC heap before
{Heap before GC invocations=24 (full 0):
 garbage-first heap   total 116736K, used 92424K [0x0000000080000000, 0x0000000100000000)
  region size 1024K, 35 young (35840K), 5 survivors (5120K)
 Metaspace       used 66605K, committed 67584K, reserved 491520K
  class space    used 9549K, committed 9984K, reserved 425984K
}
Event: 13.491 GC heap after
{Heap after GC invocations=25 (full 0):
 garbage-first heap   total 116736K, used 64049K [0x0000000080000000, 0x0000000100000000)
  region size 1024K, 5 young (5120K), 5 survivors (5120K)
 Metaspace       used 66605K, committed 67584K, reserved 491520K
  class space    used 9549K, committed 9984K, reserved 425984K
}
Event: 14.694 GC heap before
{Heap before GC invocations=25 (full 0):
 garbage-first heap   total 116736K, used 92721K [0x0000000080000000, 0x0000000100000000)
  region size 1024K, 33 young (33792K), 5 survivors (5120K)
 Metaspace       used 69145K, committed 70080K, reserved 491520K
  class space    used 9995K, committed 10432K, reserved 425984K
}
Event: 14.704 GC heap after
{Heap after GC invocations=26 (full 0):
 garbage-first heap   total 140288K, used 67683K [0x0000000080000000, 0x0000000100000000)
  region size 1024K, 4 young (4096K), 4 survivors (4096K)
 Metaspace       used 69145K, committed 70080K, reserved 491520K
  class space    used 9995K, committed 10432K, reserved 425984K
}
Event: 15.620 GC heap before
{Heap before GC invocations=27 (full 0):
 garbage-first heap   total 140288K, used 104547K [0x0000000080000000, 0x0000000100000000)
  region size 1024K, 42 young (43008K), 4 survivors (4096K)
 Metaspace       used 70321K, committed 71296K, reserved 491520K
  class space    used 10168K, committed 10624K, reserved 425984K
}
Event: 15.627 GC heap after
{Heap after GC invocations=28 (full 0):
 garbage-first heap   total 140288K, used 73273K [0x0000000080000000, 0x0000000100000000)
  region size 1024K, 6 young (6144K), 6 survivors (6144K)
 Metaspace       used 70321K, committed 71296K, reserved 491520K
  class space    used 10168K, committed 10624K, reserved 425984K
}
Event: 16.242 GC heap before
{Heap before GC invocations=29 (full 0):
 garbage-first heap   total 140288K, used 112185K [0x0000000080000000, 0x0000000100000000)
  region size 1024K, 43 young (44032K), 6 survivors (6144K)
 Metaspace       used 71726K, committed 72768K, reserved 491520K
  class space    used 10313K, committed 10816K, reserved 425984K
}
Event: 16.252 GC heap after
{Heap after GC invocations=30 (full 0):
 garbage-first heap   total 140288K, used 79347K [0x0000000080000000, 0x0000000100000000)
  region size 1024K, 6 young (6144K), 6 survivors (6144K)
 Metaspace       used 71726K, committed 72768K, reserved 491520K
  class space    used 10313K, committed 10816K, reserved 425984K
}
Event: 16.261 GC heap before
{Heap before GC invocations=30 (full 0):
 garbage-first heap   total 140288K, used 79347K [0x0000000080000000, 0x0000000100000000)
  region size 1024K, 7 young (7168K), 6 survivors (6144K)
 Metaspace       used 71741K, committed 72768K, reserved 491520K
  class space    used 10313K, committed 10816K, reserved 425984K
}
Event: 16.267 GC heap after
{Heap after GC invocations=31 (full 0):
 garbage-first heap   total 140288K, used 79562K [0x0000000080000000, 0x0000000100000000)
  region size 1024K, 1 young (1024K), 1 survivors (1024K)
 Metaspace       used 71741K, committed 72768K, reserved 491520K
  class space    used 10313K, committed 10816K, reserved 425984K
}
Event: 16.549 GC heap before
{Heap before GC invocations=31 (full 0):
 garbage-first heap   total 140288K, used 111306K [0x0000000080000000, 0x0000000100000000)
  region size 1024K, 32 young (32768K), 1 survivors (1024K)
 Metaspace       used 71872K, committed 72960K, reserved 491520K
  class space    used 10315K, committed 10816K, reserved 425984K
}
Event: 16.557 GC heap after
{Heap after GC invocations=32 (full 0):
 garbage-first heap   total 140288K, used 83525K [0x0000000080000000, 0x0000000100000000)
  region size 1024K, 4 young (4096K), 4 survivors (4096K)
 Metaspace       used 71872K, committed 72960K, reserved 491520K
  class space    used 10315K, committed 10816K, reserved 425984K
}
Event: 16.827 GC heap before
{Heap before GC invocations=33 (full 0):
 garbage-first heap   total 155648K, used 110149K [0x0000000080000000, 0x0000000100000000)
  region size 1024K, 31 young (31744K), 4 survivors (4096K)
 Metaspace       used 71921K, committed 72960K, reserved 491520K
  class space    used 10315K, committed 10816K, reserved 425984K
}
Event: 16.833 GC heap after
{Heap after GC invocations=34 (full 0):
 garbage-first heap   total 155648K, used 84462K [0x0000000080000000, 0x0000000100000000)
  region size 1024K, 4 young (4096K), 4 survivors (4096K)
 Metaspace       used 71921K, committed 72960K, reserved 491520K
  class space    used 10315K, committed 10816K, reserved 425984K
}
Event: 16.853 GC heap before
{Heap before GC invocations=34 (full 0):
 garbage-first heap   total 155648K, used 87534K [0x0000000080000000, 0x0000000100000000)
  region size 1024K, 7 young (7168K), 4 survivors (4096K)
 Metaspace       used 71921K, committed 72960K, reserved 491520K
  class space    used 10315K, committed 10816K, reserved 425984K
}
Event: 16.858 GC heap after
{Heap after GC invocations=35 (full 0):
 garbage-first heap   total 155648K, used 81447K [0x0000000080000000, 0x0000000100000000)
  region size 1024K, 1 young (1024K), 1 survivors (1024K)
 Metaspace       used 71921K, committed 72960K, reserved 491520K
  class space    used 10315K, committed 10816K, reserved 425984K
}
Event: 17.125 GC heap before
{Heap before GC invocations=35 (full 0):
 garbage-first heap   total 155648K, used 122407K [0x0000000080000000, 0x0000000100000000)
  region size 1024K, 42 young (43008K), 1 survivors (1024K)
 Metaspace       used 71928K, committed 72960K, reserved 491520K
  class space    used 10315K, committed 10816K, reserved 425984K
}

Deoptimization events (20 events):
Event: 16.463 Thread 0x0000012870973030 Uncommon trap: trap_request=0xffffff45 fr.pc=0x00000128427f1e50 relative=0x0000000000000630
Event: 16.463 Thread 0x0000012870973030 Uncommon trap: reason=unstable_if action=reinterpret pc=0x00000128427f1e50 method=org.gradle.internal.snapshot.PathUtil.equalChars(CCLorg/gradle/internal/snapshot/CaseSensitivity;)Z @ 11 c2
Event: 16.463 Thread 0x0000012870973030 DEOPT PACKING pc=0x00000128427f1e50 sp=0x00000026b7af2900
Event: 16.463 Thread 0x0000012870973030 DEOPT UNPACKING pc=0x0000012841e223a3 sp=0x00000026b7af2820 mode 2
Event: 16.525 Thread 0x0000012872dce850 Uncommon trap: trap_request=0xffffff45 fr.pc=0x00000128423f1cb0 relative=0x00000000000001f0
Event: 16.525 Thread 0x0000012872dce850 Uncommon trap: reason=unstable_if action=reinterpret pc=0x00000128423f1cb0 method=java.util.concurrent.ConcurrentHashMap.addCount(JI)V @ 97 c2
Event: 16.525 Thread 0x0000012872dce850 DEOPT PACKING pc=0x00000128423f1cb0 sp=0x00000026b94fd7e0
Event: 16.525 Thread 0x0000012872dce850 DEOPT UNPACKING pc=0x0000012841e223a3 sp=0x00000026b94fd720 mode 2
Event: 16.728 Thread 0x0000012872dc8d30 Uncommon trap: trap_request=0xffffff45 fr.pc=0x0000012842444450 relative=0x0000000000001270
Event: 16.728 Thread 0x0000012872dc8d30 Uncommon trap: reason=unstable_if action=reinterpret pc=0x0000012842444450 method=java.util.concurrent.ConcurrentHashMap.transfer([Ljava/util/concurrent/ConcurrentHashMap$Node;[Ljava/util/concurrent/ConcurrentHashMap$Node;)V @ 347 c2
Event: 16.728 Thread 0x0000012872dc8d30 DEOPT PACKING pc=0x0000012842444450 sp=0x00000026b92fe4f0
Event: 16.729 Thread 0x0000012872dc8d30 DEOPT UNPACKING pc=0x0000012841e223a3 sp=0x00000026b92fe470 mode 2
Event: 16.732 Thread 0x0000012872dce850 Uncommon trap: trap_request=0xffffff45 fr.pc=0x00000128427c45d8 relative=0x0000000000001858
Event: 16.732 Thread 0x0000012872dce850 Uncommon trap: reason=unstable_if action=reinterpret pc=0x00000128427c45d8 method=java.util.concurrent.ConcurrentHashMap.computeIfAbsent(Ljava/lang/Object;Ljava/util/function/Function;)Ljava/lang/Object; @ 199 c2
Event: 16.732 Thread 0x0000012872dce850 DEOPT PACKING pc=0x00000128427c45d8 sp=0x00000026b94fe3e0
Event: 16.732 Thread 0x0000012872dce850 DEOPT UNPACKING pc=0x0000012841e223a3 sp=0x00000026b94fe360 mode 2
Event: 16.735 Thread 0x0000012872dc8d30 Uncommon trap: trap_request=0xffffff45 fr.pc=0x000001284244063c relative=0x0000000000000f5c
Event: 16.735 Thread 0x0000012872dc8d30 Uncommon trap: reason=unstable_if action=reinterpret pc=0x000001284244063c method=java.util.concurrent.ConcurrentHashMap.transfer([Ljava/util/concurrent/ConcurrentHashMap$Node;[Ljava/util/concurrent/ConcurrentHashMap$Node;)V @ 347 c2
Event: 16.735 Thread 0x0000012872dc8d30 DEOPT PACKING pc=0x000001284244063c sp=0x00000026b92fe510
Event: 16.735 Thread 0x0000012872dc8d30 DEOPT UNPACKING pc=0x0000012841e223a3 sp=0x00000026b92fe470 mode 2

Classes unloaded (0 events):
No events

Classes redefined (0 events):
No events

Internal exceptions (20 events):
Event: 15.830 Thread 0x0000012870973030 Exception <a 'java/lang/ClassNotFoundException'{0x0000000087907638}: org/gradle/api/internal/artifacts/DefaultArtifactRepositoryContainerBeanInfo> (0x0000000087907638) 
thrown [s\open\src\hotspot\share\classfile\systemDictionary.cpp, line 256]
Event: 15.831 Thread 0x0000012870973030 Exception <a 'java/lang/ClassNotFoundException'{0x000000008791d768}: org/gradle/api/internal/DefaultNamedDomainObjectListBeanInfo> (0x000000008791d768) 
thrown [s\open\src\hotspot\share\classfile\systemDictionary.cpp, line 256]
Event: 15.832 Thread 0x0000012870973030 Exception <a 'java/lang/ClassNotFoundException'{0x0000000087933de8}: org/gradle/api/internal/DefaultNamedDomainObjectCollectionBeanInfo> (0x0000000087933de8) 
thrown [s\open\src\hotspot\share\classfile\systemDictionary.cpp, line 256]
Event: 15.833 Thread 0x0000012870973030 Exception <a 'java/lang/ClassNotFoundException'{0x000000008794a1b8}: org/gradle/api/internal/DefaultDomainObjectCollectionBeanInfo> (0x000000008794a1b8) 
thrown [s\open\src\hotspot\share\classfile\systemDictionary.cpp, line 256]
Event: 15.833 Thread 0x0000012870973030 Exception <a 'java/lang/ClassNotFoundException'{0x0000000087951f88}: java/util/AbstractCollectionBeanInfo> (0x0000000087951f88) 
thrown [s\open\src\hotspot\share\classfile\systemDictionary.cpp, line 256]
Event: 15.833 Thread 0x0000012870973030 Exception <a 'java/lang/ClassNotFoundException'{0x0000000087959d20}: java/util/AbstractCollectionCustomizer> (0x0000000087959d20) 
thrown [s\open\src\hotspot\share\classfile\systemDictionary.cpp, line 256]
Event: 15.834 Thread 0x0000012870973030 Exception <a 'java/lang/ClassNotFoundException'{0x0000000087979898}: org/gradle/api/internal/DefaultDomainObjectCollectionCustomizer> (0x0000000087979898) 
thrown [s\open\src\hotspot\share\classfile\systemDictionary.cpp, line 256]
Event: 15.836 Thread 0x0000012870973030 Exception <a 'java/lang/ClassNotFoundException'{0x00000000879b16f0}: org/gradle/api/internal/DefaultNamedDomainObjectCollectionCustomizer> (0x00000000879b16f0) 
thrown [s\open\src\hotspot\share\classfile\systemDictionary.cpp, line 256]
Event: 15.837 Thread 0x0000012870973030 Exception <a 'java/lang/ClassNotFoundException'{0x00000000879f1038}: org/gradle/api/internal/DefaultNamedDomainObjectListCustomizer> (0x00000000879f1038) 
thrown [s\open\src\hotspot\share\classfile\systemDictionary.cpp, line 256]
Event: 15.839 Thread 0x0000012870973030 Exception <a 'java/lang/ClassNotFoundException'{0x0000000087827be8}: org/gradle/api/internal/artifacts/DefaultArtifactRepositoryContainerCustomizer> (0x0000000087827be8) 
thrown [s\open\src\hotspot\share\classfile\systemDictionary.cpp, line 256]
Event: 15.840 Thread 0x0000012870973030 Exception <a 'java/lang/ClassNotFoundException'{0x0000000087852700}: org/gradle/api/internal/artifacts/dsl/DefaultRepositoryHandlerCustomizer> (0x0000000087852700) 
thrown [s\open\src\hotspot\share\classfile\systemDictionary.cpp, line 256]
Event: 15.842 Thread 0x0000012870973030 Exception <a 'java/lang/ClassNotFoundException'{0x000000008788a120}: org/gradle/api/internal/artifacts/dsl/DefaultRepositoryHandler_DecoratedCustomizer> (0x000000008788a120) 
thrown [s\open\src\hotspot\share\classfile\systemDictionary.cpp, line 256]
Event: 15.850 Thread 0x0000012870973030 Exception <a 'java/lang/ClassNotFoundException'{0x0000000087721e20}: org/gradle/api/internal/artifacts/dsl/dependencies/DefaultDependencyHandler_DecoratedBeanInfo> (0x0000000087721e20) 
thrown [s\open\src\hotspot\share\classfile\systemDictionary.cpp, line 256]
Event: 15.851 Thread 0x0000012870973030 Exception <a 'java/lang/ClassNotFoundException'{0x000000008773a118}: org/gradle/api/internal/artifacts/dsl/dependencies/DefaultDependencyHandlerBeanInfo> (0x000000008773a118) 
thrown [s\open\src\hotspot\share\classfile\systemDictionary.cpp, line 256]
Event: 15.851 Thread 0x0000012870973030 Exception <a 'java/lang/ClassNotFoundException'{0x0000000087751e80}: org/gradle/api/internal/artifacts/dsl/dependencies/DefaultDependencyHandlerCustomizer> (0x0000000087751e80) 
thrown [s\open\src\hotspot\share\classfile\systemDictionary.cpp, line 256]
Event: 15.853 Thread 0x0000012870973030 Exception <a 'java/lang/ClassNotFoundException'{0x00000000877913d8}: org/gradle/api/internal/artifacts/dsl/dependencies/DefaultDependencyHandler_DecoratedCustomizer> (0x00000000877913d8) 
thrown [s\open\src\hotspot\share\classfile\systemDictionary.cpp, line 256]
Event: 16.300 Thread 0x0000012870b6e3e0 Exception <a 'sun/nio/fs/WindowsException'{0x00000000884519d8}> (0x00000000884519d8) 
thrown [s\open\src\hotspot\share\prims\jni.cpp, line 516]
Event: 16.301 Thread 0x0000012870b6e3e0 Exception <a 'sun/nio/fs/WindowsException'{0x00000000884540d8}> (0x00000000884540d8) 
thrown [s\open\src\hotspot\share\prims\jni.cpp, line 516]
Event: 16.301 Thread 0x0000012870b6e3e0 Exception <a 'sun/nio/fs/WindowsException'{0x000000008845e0d8}> (0x000000008845e0d8) 
thrown [s\open\src\hotspot\share\prims\jni.cpp, line 516]
Event: 16.301 Thread 0x0000012870b6e3e0 Exception <a 'sun/nio/fs/WindowsException'{0x00000000884601e0}> (0x00000000884601e0) 
thrown [s\open\src\hotspot\share\prims\jni.cpp, line 516]

VM Operations (20 events):
Event: 15.880 Executing VM operation: HandshakeAllThreads done
Event: 16.099 Executing VM operation: ICBufferFull
Event: 16.099 Executing VM operation: ICBufferFull done
Event: 16.174 Executing VM operation: ICBufferFull
Event: 16.174 Executing VM operation: ICBufferFull done
Event: 16.242 Executing VM operation: G1CollectForAllocation
Event: 16.253 Executing VM operation: G1CollectForAllocation done
Event: 16.261 Executing VM operation: G1CollectForAllocation
Event: 16.267 Executing VM operation: G1CollectForAllocation done
Event: 16.549 Executing VM operation: G1CollectForAllocation
Event: 16.558 Executing VM operation: G1CollectForAllocation done
Event: 16.661 Executing VM operation: G1Concurrent
Event: 16.667 Executing VM operation: G1Concurrent done
Event: 16.714 Executing VM operation: G1Concurrent
Event: 16.714 Executing VM operation: G1Concurrent done
Event: 16.827 Executing VM operation: G1CollectForAllocation
Event: 16.834 Executing VM operation: G1CollectForAllocation done
Event: 16.853 Executing VM operation: G1CollectForAllocation
Event: 16.859 Executing VM operation: G1CollectForAllocation done
Event: 17.125 Executing VM operation: G1CollectForAllocation

Events (20 events):
Event: 15.709 loading class java/util/AbstractMap$2
Event: 15.709 loading class java/util/AbstractMap$2 done
Event: 15.709 loading class java/util/AbstractMap$2$1
Event: 15.709 loading class java/util/AbstractMap$2$1 done
Event: 15.795 Thread 0x00000128744236c0 Thread added: 0x00000128744236c0
Event: 15.833 loading class java/util/AbstractCollectionBeanInfo
Event: 15.833 loading class java/util/AbstractCollectionBeanInfo done
Event: 15.833 loading class java/util/AbstractCollectionBeanInfo
Event: 15.833 loading class java/util/AbstractCollectionBeanInfo done
Event: 15.833 loading class java/util/AbstractCollectionCustomizer
Event: 15.833 loading class java/util/AbstractCollectionCustomizer done
Event: 15.833 loading class java/util/AbstractCollectionCustomizer
Event: 15.833 loading class java/util/AbstractCollectionCustomizer done
Event: 16.070 loading class java/util/Collections$ReverseComparator
Event: 16.070 loading class java/util/Collections$ReverseComparator done
Event: 16.070 loading class java/util/Collections$ReverseComparator2
Event: 16.071 loading class java/util/Collections$ReverseComparator2 done
Event: 16.226 Thread 0x0000012874422ca0 Thread added: 0x0000012874422ca0
Event: 16.226 Thread 0x0000012874425010 Thread added: 0x0000012874425010
Event: 16.226 Thread 0x0000012874423bd0 Thread added: 0x0000012874423bd0


Dynamic libraries:
0x00007ff7ede70000 - 0x00007ff7ede80000 	C:\Program Files\Java\jdk-17\bin\java.exe
0x00007ffad0430000 - 0x00007ffad0628000 	C:\Windows\SYSTEM32\ntdll.dll
0x00007fface9c0000 - 0x00007ffacea82000 	C:\Windows\System32\KERNEL32.DLL
0x00007ffacde30000 - 0x00007fface126000 	C:\Windows\System32\KERNELBASE.dll
0x00007ffacdcb0000 - 0x00007ffacddb0000 	C:\Windows\System32\ucrtbase.dll
0x00007ffac3af0000 - 0x00007ffac3b0b000 	C:\Program Files\Java\jdk-17\bin\VCRUNTIME140.dll
0x00007ffac1b80000 - 0x00007ffac1b99000 	C:\Program Files\Java\jdk-17\bin\jli.dll
0x00007ffacf190000 - 0x00007ffacf241000 	C:\Windows\System32\ADVAPI32.dll
0x00007ffacea90000 - 0x00007ffaceb2e000 	C:\Windows\System32\msvcrt.dll
0x00007ffacfa00000 - 0x00007ffacfa9f000 	C:\Windows\System32\sechost.dll
0x00007ffacf400000 - 0x00007ffacf520000 	C:\Windows\System32\RPCRT4.dll
0x00007ffacdac0000 - 0x00007ffacdae7000 	C:\Windows\System32\bcrypt.dll
0x00007fface670000 - 0x00007fface811000 	C:\Windows\System32\USER32.dll
0x00007fface270000 - 0x00007fface292000 	C:\Windows\System32\win32u.dll
0x00007ffacece0000 - 0x00007ffaced0b000 	C:\Windows\System32\GDI32.dll
0x00007ffacdaf0000 - 0x00007ffacdc09000 	C:\Windows\System32\gdi32full.dll
0x00007ffacdc10000 - 0x00007ffacdcad000 	C:\Windows\System32\msvcp_win.dll
0x00007ffac4130000 - 0x00007ffac43cb000 	C:\Windows\WinSxS\amd64_microsoft.windows.common-controls_6595b64144ccf1df_6.0.19041.6456_none_60b8a6cb71f64256\COMCTL32.dll
0x00007ffabe100000 - 0x00007ffabe10a000 	C:\Windows\SYSTEM32\VERSION.dll
0x00007ffacfb00000 - 0x00007ffacfb2f000 	C:\Windows\System32\IMM32.DLL
0x00007ffac7e90000 - 0x00007ffac7e9c000 	C:\Program Files\Java\jdk-17\bin\vcruntime140_1.dll
0x00007ffaa45a0000 - 0x00007ffaa462e000 	C:\Program Files\Java\jdk-17\bin\msvcp140.dll
0x00007ffa9ab50000 - 0x00007ffa9b730000 	C:\Program Files\Java\jdk-17\bin\server\jvm.dll
0x00007ffacf180000 - 0x00007ffacf188000 	C:\Windows\System32\PSAPI.DLL
0x00007ffac9ff0000 - 0x00007ffac9ff9000 	C:\Windows\SYSTEM32\WSOCK32.dll
0x00007ffaceb30000 - 0x00007ffaceb9b000 	C:\Windows\System32\WS2_32.dll
0x00007ffac43e0000 - 0x00007ffac4407000 	C:\Windows\SYSTEM32\WINMM.dll
0x00007ffacb950000 - 0x00007ffacb962000 	C:\Windows\SYSTEM32\kernel.appcore.dll
0x00007ffac7ce0000 - 0x00007ffac7cea000 	C:\Program Files\Java\jdk-17\bin\jimage.dll
0x00007ffabe110000 - 0x00007ffabe311000 	C:\Windows\SYSTEM32\DBGHELP.DLL
0x00007ffabcaa0000 - 0x00007ffabcad4000 	C:\Windows\SYSTEM32\dbgcore.DLL
0x00007fface1e0000 - 0x00007fface262000 	C:\Windows\System32\bcryptPrimitives.dll
0x00007ffac66d0000 - 0x00007ffac66de000 	C:\Program Files\Java\jdk-17\bin\instrument.dll
0x00007ffabf9d0000 - 0x00007ffabf9f5000 	C:\Program Files\Java\jdk-17\bin\java.dll
0x00007ffaa37d0000 - 0x00007ffaa38a7000 	C:\Program Files\Java\jdk-17\bin\jsvml.dll
0x00007ffacfb30000 - 0x00007ffad02a0000 	C:\Windows\System32\SHELL32.dll
0x00007ffacbb50000 - 0x00007ffacc2f5000 	C:\Windows\SYSTEM32\windows.storage.dll
0x00007ffacf6a0000 - 0x00007ffacf9f4000 	C:\Windows\System32\combase.dll
0x00007ffacd410000 - 0x00007ffacd43b000 	C:\Windows\SYSTEM32\Wldp.dll
0x00007ffad0320000 - 0x00007ffad03ed000 	C:\Windows\System32\OLEAUT32.dll
0x00007ffacec30000 - 0x00007ffacecdd000 	C:\Windows\System32\SHCORE.dll
0x00007ffacfaa0000 - 0x00007ffacfafb000 	C:\Windows\System32\shlwapi.dll
0x00007ffacd9f0000 - 0x00007ffacda14000 	C:\Windows\SYSTEM32\profapi.dll
0x00007ffabb5f0000 - 0x00007ffabb608000 	C:\Program Files\Java\jdk-17\bin\zip.dll
0x00007ffac07a0000 - 0x00007ffac07b9000 	C:\Program Files\Java\jdk-17\bin\net.dll
0x00007ffac5d00000 - 0x00007ffac5e0a000 	C:\Windows\SYSTEM32\WINHTTP.dll
0x00007ffacd170000 - 0x00007ffacd1da000 	C:\Windows\system32\mswsock.dll
0x00007ffabf9b0000 - 0x00007ffabf9c6000 	C:\Program Files\Java\jdk-17\bin\nio.dll
0x00007ffac72e0000 - 0x00007ffac72f0000 	C:\Program Files\Java\jdk-17\bin\verify.dll
0x00007ffab8880000 - 0x00007ffab88a7000 	C:\Users\Hp\.gradle\native\1def1411415f61bf3af743bc5b6707747c0891f09f0c88961ee8f79bc544acac\windows-amd64\native-platform.dll
0x00007ffaa3cb0000 - 0x00007ffaa3d27000 	C:\Users\Hp\.gradle\native\0.2.8\x86_64-windows-gnu\gradle-fileevents.dll
0x00007ffac7530000 - 0x00007ffac753a000 	C:\Program Files\Java\jdk-17\bin\management.dll
0x00007ffac73d0000 - 0x00007ffac73db000 	C:\Program Files\Java\jdk-17\bin\management_ext.dll
0x00007ffacce50000 - 0x00007ffacce8b000 	C:\Windows\SYSTEM32\IPHLPAPI.DLL
0x00007fface880000 - 0x00007fface888000 	C:\Windows\System32\NSI.dll
0x00007ffac77e0000 - 0x00007ffac77f7000 	C:\Windows\SYSTEM32\dhcpcsvc6.DLL
0x00007ffac7090000 - 0x00007ffac70ad000 	C:\Windows\SYSTEM32\dhcpcsvc.DLL
0x00007ffacce90000 - 0x00007ffaccf5a000 	C:\Windows\SYSTEM32\DNSAPI.dll
0x00007ffacd360000 - 0x00007ffacd378000 	C:\Windows\SYSTEM32\CRYPTSP.dll
0x00007ffacca90000 - 0x00007ffaccac8000 	C:\Windows\system32\rsaenh.dll
0x00007ffacd970000 - 0x00007ffacd99e000 	C:\Windows\SYSTEM32\USERENV.dll
0x00007ffacd380000 - 0x00007ffacd38c000 	C:\Windows\SYSTEM32\CRYPTBASE.dll
0x00007ffac3320000 - 0x00007ffac332e000 	C:\Program Files\Java\jdk-17\bin\sunmscapi.dll
0x00007fface2f0000 - 0x00007fface44d000 	C:\Windows\System32\CRYPT32.dll
0x00007ffacd480000 - 0x00007ffacd4a7000 	C:\Windows\SYSTEM32\ncrypt.dll
0x00007ffacd440000 - 0x00007ffacd47b000 	C:\Windows\SYSTEM32\NTASN1.dll
0x00007ffabea10000 - 0x00007ffabea17000 	C:\Windows\system32\wshunix.dll
0x00007ffaca460000 - 0x00007ffaca4f4000 	C:\Windows\system32\apphelp.dll

dbghelp: loaded successfully - version: 4.0.5 - missing functions: none
symbol engine: initialized successfully - sym options: 0x614 - pdb path: .;C:\Program Files\Java\jdk-17\bin;C:\Windows\SYSTEM32;C:\Windows\WinSxS\amd64_microsoft.windows.common-controls_6595b64144ccf1df_6.0.19041.6456_none_60b8a6cb71f64256;C:\Program Files\Java\jdk-17\bin\server;C:\Users\Hp\.gradle\native\1def1411415f61bf3af743bc5b6707747c0891f09f0c88961ee8f79bc544acac\windows-amd64;C:\Users\Hp\.gradle\native\0.2.8\x86_64-windows-gnu

VM Arguments:
jvm_args: --add-opens=java.base/java.lang=ALL-UNNAMED --add-opens=java.base/java.lang.invoke=ALL-UNNAMED --add-opens=java.base/java.util=ALL-UNNAMED --add-opens=java.prefs/java.util.prefs=ALL-UNNAMED --add-exports=jdk.compiler/com.sun.tools.javac.api=ALL-UNNAMED --add-exports=jdk.compiler/com.sun.tools.javac.util=ALL-UNNAMED --add-opens=java.base/java.util=ALL-UNNAMED --add-opens=java.prefs/java.util.prefs=ALL-UNNAMED --add-opens=java.base/java.nio.charset=ALL-UNNAMED --add-opens=java.base/java.net=ALL-UNNAMED --add-opens=java.base/java.util.concurrent=ALL-UNNAMED --add-opens=java.base/java.util.concurrent.atomic=ALL-UNNAMED --add-opens=java.xml/javax.xml.namespace=ALL-UNNAMED -XX:MaxMetaspaceSize=512m -Xmx2048m -Dfile.encoding=windows-1252 -Duser.country=IN -Duser.language=en -Duser.variant -javaagent:C:\Users\Hp\.gradle\wrapper\dists\gradle-9.0.0-bin\d6wjpkvcgsg3oed0qlfss3wgl\gradle-9.0.0\lib\agents\gradle-instrumentation-agent-9.0.0.jar 
java_command: org.gradle.launcher.daemon.bootstrap.GradleDaemon 9.0.0
java_class_path (initial): C:\Users\Hp\.gradle\wrapper\dists\gradle-9.0.0-bin\d6wjpkvcgsg3oed0qlfss3wgl\gradle-9.0.0\lib\gradle-daemon-main-9.0.0.jar
Launcher Type: SUN_STANDARD

[Global flags]
     intx CICompilerCount                          = 3                                         {product} {ergonomic}
   size_t CompressedClassSpaceSize                 = 436207616                                 {product} {ergonomic}
     uint ConcGCThreads                            = 1                                         {product} {ergonomic}
     uint G1ConcRefinementThreads                  = 4                                         {product} {ergonomic}
   size_t G1HeapRegionSize                         = 1048576                                   {product} {ergonomic}
    uintx GCDrainStackTargetSize                   = 64                                        {product} {ergonomic}
   size_t InitialHeapSize                          = 134217728                                 {product} {ergonomic}
   size_t MarkStackSize                            = 4194304                                   {product} {ergonomic}
   size_t MaxHeapSize                              = 2147483648                                {product} {command line}
   size_t MaxMetaspaceSize                         = 536870912                                 {product} {command line}
   size_t MaxNewSize                               = 1287651328                                {product} {ergonomic}
   size_t MinHeapDeltaBytes                        = 1048576                                   {product} {ergonomic}
   size_t MinHeapSize                              = 8388608                                   {product} {ergonomic}
    uintx NonNMethodCodeHeapSize                   = 5832780                                {pd product} {ergonomic}
    uintx NonProfiledCodeHeapSize                  = 122912730                              {pd product} {ergonomic}
    uintx ProfiledCodeHeapSize                     = 122912730                              {pd product} {ergonomic}
    uintx ReservedCodeCacheSize                    = 251658240                              {pd product} {ergonomic}
     bool SegmentedCodeCache                       = true                                      {product} {ergonomic}
   size_t SoftMaxHeapSize                          = 2147483648                             {manageable} {ergonomic}
     bool UseCompressedClassPointers               = true                           {product lp64_product} {ergonomic}
     bool UseCompressedOops                        = true                           {product lp64_product} {ergonomic}
     bool UseG1GC                                  = true                                      {product} {ergonomic}
     bool UseLargePagesIndividualAllocation        = false                                  {pd product} {ergonomic}

Logging:
Log output configuration:
 #0: stdout all=warning uptime,level,tags
 #1: stderr all=off uptime,level,tags

Environment Variables:
JAVA_HOME=C:\Program Files\Java\jdk-17
PATH=C:\mobileapp\greenindiateams\node_modules\.bin;C:\mobileapp\greenindiateams\node_modules\.bin;C:\mobileapp\node_modules\.bin;C:\node_modules\.bin;C:\Program Files\nodejs\node_modules\npm\node_modules\@npmcli\run-script\lib\node-gyp-bin;C:\Python313\Scripts\;C:\Python313\;C:\Windows\system32;C:\Windows;C:\Windows\System32\Wbem;C:\Windows\System32\WindowsPowerShell\v1.0\;C:\Windows\System32\OpenSSH\;C:\Program Files\nodejs\;C:\ProgramData\chocolatey\bin;C:\Program Files\Java\jdk-17\bin;C:\Program Files\Git\cmd;C:\xamp\php;C:\ProgramData\ComposerSetup\bin;C:\Users\Hp\AppData\Local\Android\Sdk\platform-tools;C:\Users\Hp\AppData\Local\Android\Sdk\tools;C:\Users\Hp\AppData\Local\Microsoft\WindowsApps;C:\Users\Hp\AppData\Local\Programs\Microsoft VS Code\bin;C:\Users\Hp\AppData\Roaming\npm;C:\Users\Hp\AppData\Roaming\Composer\vendor\bin;C:\Program Files\OpenSSL-Win64\bin;
USERNAME=Hp
LANG=en_US.UTF-8
OS=Windows_NT
PROCESSOR_IDENTIFIER=Intel64 Family 6 Model 60 Stepping 3, GenuineIntel



---------------  S Y S T E M  ---------------

OS:
 Windows 10 , 64 bit Build 19041 (10.0.19041.5915)
OS uptime: 2 days 2:09 hours

CPU: total 4 (initial active 4) (4 cores per cpu, 1 threads per core) family 6 model 60 stepping 3 microcode 0x27, cx8, cmov, fxsr, mmx, sse, sse2, sse3, ssse3, sse4.1, sse4.2, popcnt, lzcnt, tsc, tscinvbit, avx, avx2, aes, erms, clmul, bmi1, bmi2, fma, vzeroupper, clflush

Memory: 4k page, system-wide physical 8082M (323M free)
TotalPageFile size 32658M (AvailPageFile size 6M)
current process WorkingSet (physical memory assigned to process): 370M, peak: 370M
current process commit charge ("private bytes"): 404M, peak: 591M

vm_info: Java HotSpot(TM) 64-Bit Server VM (17.0.12+8-LTS-286) for windows-amd64 JRE (17.0.12+8-LTS-286), built on Jun  5 2024 06:46:59 by "mach5one" with MS VC++ 17.6 (VS2022)

END.
